Detecting compiler hash for triplet x64-windows...
Compiler found: C:/Program Files/Microsoft Visual Studio/2022/Community/VC/Tools/MSVC/14.39.33519/bin/Hostx64/x64/cl.exe
Detecting compiler hash for triplet x64-windows-static-md...
Compiler found: C:/Program Files/Microsoft Visual Studio/2022/Community/VC/Tools/MSVC/14.39.33519/bin/Hostx64/x64/cl.exe
The following packages will be built and installed:
    args:x64-windows-static-md@6.4.6
  * boost-assert:x64-windows-static-md@1.84.0
  * boost-config:x64-windows-static-md@1.84.0
  * boost-static-assert:x64-windows-static-md@1.84.0
    boost-stl-interfaces:x64-windows-static-md@1.84.0
  * boost-type-traits:x64-windows-static-md@1.84.0
  * boost-uninstall:x64-windows-static-md@1.84.0
  * boost-vcpkg-helpers:x64-windows-static-md@1.84.0
    catch2:x64-windows-static-md@3.5.3
    fmt:x64-windows-static-md@10.2.1#1
    frozen:x64-windows-static-md@1.1.1
    nowide:x64-windows-static-md@11.3.0
    robin-hood-hashing:x64-windows-static-md@3.11.5
    rsm-mmio:x64-windows-static-md@2.0.0
    simpleini:x64-windows-static-md@4.22
    spdlog:x64-windows-static-md@1.13.0
    srell:x64-windows-static-md@3.010
  * vcpkg-cmake:x64-windows@2023-05-04
  * vcpkg-cmake-config:x64-windows@2022-02-06#1
    xbyak:x64-windows-static-md@6.73
Additional packages (*) will be modified to complete this operation.
Restored 20 package(s) from C:\Users\alexj\AppData\Local\vcpkg\archives in 1 s. Use --debug to see more details.
Installing 1/20 vcpkg-cmake-config:x64-windows@2022-02-06#1...
Elapsed time to handle vcpkg-cmake-config:x64-windows: 8.88 ms
vcpkg-cmake-config:x64-windows package ABI: e1d6cc3158f9052fc69a659487ca8259728b6ed72801252fc91a1d65e91366a9
Installing 2/20 vcpkg-cmake:x64-windows@2023-05-04...
Elapsed time to handle vcpkg-cmake:x64-windows: 17 ms
vcpkg-cmake:x64-windows package ABI: 32dcc1ca2d06869cd900b89ad2e8551e2a7a3da397a00052a9ded082f32746c1
Installing 3/20 args:x64-windows-static-md@6.4.6...
Elapsed time to handle args:x64-windows-static-md: 14.2 ms
args:x64-windows-static-md package ABI: e3211490f0d9c0bec61fc8022a5ad8abe220367be404f684faf60210a3b3522e
Installing 4/20 boost-uninstall:x64-windows-static-md@1.84.0...
Elapsed time to handle boost-uninstall:x64-windows-static-md: 13.3 ms
boost-uninstall:x64-windows-static-md package ABI: 71a2c8b8334fceab05ebca98270237665e45f6d0a22c20e6ac1a52cc63cdd9a2
Installing 5/20 boost-vcpkg-helpers:x64-windows-static-md@1.84.0...
Elapsed time to handle boost-vcpkg-helpers:x64-windows-static-md: 9.48 ms
boost-vcpkg-helpers:x64-windows-static-md package ABI: 8ea63db21266a517dcca98fc28f9a6b30c53497b844843296a5673dbfd702e79
Installing 6/20 boost-config:x64-windows-static-md@1.84.0...
Elapsed time to handle boost-config:x64-windows-static-md: 98 ms
boost-config:x64-windows-static-md package ABI: 68dcd8990b60de1ae9af55577ba2028203263f97aceb2c66fdb95a53d0d9c673
Installing 7/20 boost-static-assert:x64-windows-static-md@1.84.0...
Elapsed time to handle boost-static-assert:x64-windows-static-md: 11.1 ms
boost-static-assert:x64-windows-static-md package ABI: 64009d380fc9a4b923d9bedc94f683653ac576775f285bdcf760bbb6bd7df942
Installing 8/20 boost-type-traits:x64-windows-static-md@1.84.0...
Elapsed time to handle boost-type-traits:x64-windows-static-md: 72.8 ms
boost-type-traits:x64-windows-static-md package ABI: b67c11ee6e2e2f6a2b7fbf7ed8ccfb90ca91f9981ae513ce11fb3e471a3dfc03
Installing 9/20 boost-assert:x64-windows-static-md@1.84.0...
Elapsed time to handle boost-assert:x64-windows-static-md: 12.7 ms
boost-assert:x64-windows-static-md package ABI: 2ea4feb48ad97316cb5cd8c60c7ee62dda7928ddbfd0f5e3dea5bebcd1fdd1c8
Installing 10/20 boost-stl-interfaces:x64-windows-static-md@1.84.0...
Elapsed time to handle boost-stl-interfaces:x64-windows-static-md: 14 ms
boost-stl-interfaces:x64-windows-static-md package ABI: 2b5873241e9fe8978df772b30815ef658815a845d8faaf9a2b0276a21b3523b2
Installing 11/20 catch2:x64-windows-static-md@3.5.3...
Elapsed time to handle catch2:x64-windows-static-md: 77.9 ms
catch2:x64-windows-static-md package ABI: 61611bd698748c0caf4eeabf4106d8cb088df4c62e46edd69af882ed94f09759
Installing 12/20 fmt:x64-windows-static-md@10.2.1#1...
Elapsed time to handle fmt:x64-windows-static-md: 18.9 ms
fmt:x64-windows-static-md package ABI: 002665b291ce4b1ca52962ef5a7c9399fda0c6fd133a45ea9e8e96b9e5eeef49
Installing 13/20 frozen:x64-windows-static-md@1.1.1...
Elapsed time to handle frozen:x64-windows-static-md: 17.4 ms
frozen:x64-windows-static-md package ABI: 26d3edde7d676cd0caadce3ed2181b43dccc2282795e9862e369e29caa8187a7
Installing 14/20 nowide:x64-windows-static-md@11.3.0...
Elapsed time to handle nowide:x64-windows-static-md: 20.5 ms
nowide:x64-windows-static-md package ABI: 2f3d61cd7537fe64ba641bb5df29119663cc7d8ac9d453f4b8ca3d535155284b
Installing 15/20 robin-hood-hashing:x64-windows-static-md@3.11.5...
Elapsed time to handle robin-hood-hashing:x64-windows-static-md: 12.8 ms
robin-hood-hashing:x64-windows-static-md package ABI: 12f00588a9baa1cdf524e171f37d42957c6bc577545708b9f5caa0ded7d947cc
Installing 16/20 rsm-mmio:x64-windows-static-md@2.0.0...
Elapsed time to handle rsm-mmio:x64-windows-static-md: 13.2 ms
rsm-mmio:x64-windows-static-md package ABI: ae65c4232d949b495174b20d43d6f3d6062fd08d0d9b0df7ed5fb21b7b8a3fb4
Installing 17/20 simpleini:x64-windows-static-md@4.22...
Elapsed time to handle simpleini:x64-windows-static-md: 11.5 ms
simpleini:x64-windows-static-md package ABI: d1d3237a210ddaee74d44357fe655fe3c66ec9261bcb542fc663a14deee6a324
Installing 18/20 spdlog:x64-windows-static-md@1.13.0...
Elapsed time to handle spdlog:x64-windows-static-md: 43 ms
spdlog:x64-windows-static-md package ABI: a70f74c69851bfa8def7e740e963aeb62d3ae76304382d8c765adf889d3e65bf
Installing 19/20 srell:x64-windows-static-md@3.010...
Elapsed time to handle srell:x64-windows-static-md: 12.2 ms
srell:x64-windows-static-md package ABI: 5a000e6f2242e769222ba2c9647a6a11ed2b4d30c398ffbdfb23a32681108386
Installing 20/20 xbyak:x64-windows-static-md@6.73...
Elapsed time to handle xbyak:x64-windows-static-md: 13.3 ms
xbyak:x64-windows-static-md package ABI: c29ca7d77b703778479908ba2137a66465c8766c9803582440145d525033afd2
Total install time: 514 ms
args provides CMake targets:

    find_package(args CONFIG REQUIRED)
    target_link_libraries(main PRIVATE taywee::args)

The package boost is compatible with built-in CMake targets:

    find_package(Boost REQUIRED [COMPONENTS <libs>...])
    target_link_libraries(main PRIVATE Boost::boost Boost::<lib1> Boost::<lib2> ...)

catch2 provides CMake targets:

  # this is heuristically generated, and may not be correct
  find_package(Catch2 CONFIG REQUIRED)
  target_link_libraries(main PRIVATE Catch2::Catch2 Catch2::Catch2WithMain)

catch2 provides pkg-config modules:

    # A modern, C++-native test framework for C++14 and above (links in default main)
    catch2-with-main

    # A modern, C++-native, test framework for C++14 and above
    catch2

The package fmt provides CMake targets:

    find_package(fmt CONFIG REQUIRED)
    target_link_libraries(main PRIVATE fmt::fmt)

    # Or use the header-only version
    find_package(fmt CONFIG REQUIRED)
    target_link_libraries(main PRIVATE fmt::fmt-header-only)

frozen provides CMake targets:

  # this is heuristically generated, and may not be correct
  find_package(frozen CONFIG REQUIRED)
  target_link_libraries(main PRIVATE frozen::frozen frozen::frozen-headers)

nowide provides CMake targets:

  # this is heuristically generated, and may not be correct
  find_package(nowide CONFIG REQUIRED)
  target_link_libraries(main PRIVATE nowide::nowide)

robin-hood-hashing provides CMake targets:

  # this is heuristically generated, and may not be correct
  find_package(robin_hood CONFIG REQUIRED)
  target_link_libraries(main PRIVATE robin_hood::robin_hood)

rsm-mmio provides CMake targets:

  # this is heuristically generated, and may not be correct
  find_package(mmio CONFIG REQUIRED)
  target_link_libraries(main PRIVATE mmio::mmio)

simpleini is header-only and can be used from CMake via:

    find_path(SIMPLEINI_INCLUDE_DIRS "ConvertUTF.c")
    target_include_directories(main PRIVATE ${SIMPLEINI_INCLUDE_DIRS})

The package spdlog provides CMake targets:

    find_package(spdlog CONFIG REQUIRED)
    target_link_libraries(main PRIVATE spdlog::spdlog)

    # Or use the header-only version
    find_package(spdlog CONFIG REQUIRED)
    target_link_libraries(main PRIVATE spdlog::spdlog_header_only)

srell is header-only and can be used from CMake via:

    find_path(SRELL_INCLUDE_DIRS "srell.hpp")
    target_include_directories(main PRIVATE ${SRELL_INCLUDE_DIRS})

xbyak provides CMake targets:

  # this is heuristically generated, and may not be correct
  find_package(xbyak CONFIG REQUIRED)
  target_link_libraries(main PRIVATE xbyak::xbyak)

